c:\users\sagib\source\repos\tictactoe\tictactoe\x64\release\vc143.pdb
c:\users\sagib\source\repos\tictactoe\tictactoe\x64\release\vbo.obj
c:\users\sagib\source\repos\tictactoe\tictactoe\x64\release\vao.obj
c:\users\sagib\source\repos\tictactoe\tictactoe\x64\release\shaderclass.obj
c:\users\sagib\source\repos\tictactoe\tictactoe\x64\release\player.obj
c:\users\sagib\source\repos\tictactoe\tictactoe\x64\release\main.obj
c:\users\sagib\source\repos\tictactoe\tictactoe\x64\release\game.obj
c:\users\sagib\source\repos\tictactoe\tictactoe\x64\release\ebo.obj
c:\users\sagib\source\repos\tictactoe\tictactoe\x64\release\glad.obj
c:\users\sagib\source\repos\tictactoe\x64\release\tictactoe.exe
c:\users\sagib\source\repos\tictactoe\x64\release\tictactoe.pdb
c:\users\sagib\source\repos\tictactoe\tictactoe\x64\release\tictactoe.ipdb
c:\users\sagib\source\repos\tictactoe\tictactoe\x64\release\tictactoe.iobj
c:\users\sagib\source\repos\tictactoe\tictactoe\x64\release\tictactoe.tlog\cl.command.1.tlog
c:\users\sagib\source\repos\tictactoe\tictactoe\x64\release\tictactoe.tlog\cl.items.tlog
c:\users\sagib\source\repos\tictactoe\tictactoe\x64\release\tictactoe.tlog\cl.read.1.tlog
c:\users\sagib\source\repos\tictactoe\tictactoe\x64\release\tictactoe.tlog\cl.write.1.tlog
c:\users\sagib\source\repos\tictactoe\tictactoe\x64\release\tictactoe.tlog\link.command.1.tlog
c:\users\sagib\source\repos\tictactoe\tictactoe\x64\release\tictactoe.tlog\link.read.1.tlog
c:\users\sagib\source\repos\tictactoe\tictactoe\x64\release\tictactoe.tlog\link.secondary.1.tlog
c:\users\sagib\source\repos\tictactoe\tictactoe\x64\release\tictactoe.tlog\link.write.1.tlog
